/Users/zacharyreid/Library/Python/3.9/lib/python/site-packages/urllib3/__init__.py:35: NotOpenSSLWarning: urllib3 v2 only supports OpenSSL 1.1.1+, currently the 'ssl' module is compiled with 'LibreSSL 2.8.3'. See: https://github.com/urllib3/urllib3/issues/3020
  warnings.warn(
2026-03-04 18:48:17,414 - __main__ - INFO - 🚀 STARTING PHASES 2 & 3: EVENTS + ALL FIGHTS
2026-03-04 18:48:17,414 - __main__ - INFO - Start time: 2026-03-04 18:48:17.414624
2026-03-04 18:48:17,434 - __main__ - INFO - 📊 OVERALL PROGRESS:
2026-03-04 18:48:17,434 - __main__ - INFO -    Fighters: 4455 total, 4455 with career stats
2026-03-04 18:48:17,434 - __main__ - INFO -    Events: 0
2026-03-04 18:48:17,434 - __main__ - INFO -    Fights: 0
2026-03-04 18:48:17,434 - __main__ - INFO -    Fight Stats: 0
2026-03-04 18:48:17,434 - __main__ - INFO - ============================================================
2026-03-04 18:48:17,434 - __main__ - INFO - PHASE 2: COLLECTING ALL HISTORICAL EVENTS
2026-03-04 18:48:17,434 - __main__ - INFO - ============================================================
2026-03-04 18:48:17,435 - __main__ - INFO - Currently have 0 events
2026-03-04 18:48:17,435 - scrapers.ufc_scraper - INFO - Fetching events page 1...
2026-03-04 18:48:19,786 - scrapers.ufc_scraper - INFO - ✅ Total events found: 24
2026-03-04 18:48:19,786 - __main__ - INFO - Found 24 completed events on UFC Stats
2026-03-04 18:48:19,811 - __main__ - INFO - ✅ Phase 2 Complete - Added 24 new events
2026-03-04 18:48:19,812 - __main__ - INFO - 🏁 MILESTONE: PHASE 2 COMPLETE - 24 completed 
2026-03-04 18:48:19,820 - __main__ - INFO - 📊 OVERALL PROGRESS:
2026-03-04 18:48:19,820 - __main__ - INFO -    Fighters: 4455 total, 4455 with career stats
2026-03-04 18:48:19,820 - __main__ - INFO -    Events: 24
2026-03-04 18:48:19,820 - __main__ - INFO -    Fights: 0
2026-03-04 18:48:19,820 - __main__ - INFO -    Fight Stats: 0
2026-03-04 18:48:19,820 - __main__ - INFO - ============================================================
2026-03-04 18:48:19,820 - __main__ - INFO - PHASE 3: COLLECTING ALL FIGHTS & DETAILED STATS
2026-03-04 18:48:19,820 - __main__ - INFO - ============================================================
2026-03-04 18:48:19,821 - __main__ - INFO - Processing fights from 24 events
