/Users/zacharyreid/Library/Python/3.9/lib/python/site-packages/urllib3/__init__.py:35: NotOpenSSLWarning: urllib3 v2 only supports OpenSSL 1.1.1+, currently the 'ssl' module is compiled with 'LibreSSL 2.8.3'. See: https://github.com/urllib3/urllib3/issues/3020
  warnings.warn(
2026-03-03 21:44:40,861 - __main__ - INFO - 🚀 STARTING FULL UFC DATA SCRAPE
2026-03-03 21:44:40,861 - __main__ - INFO - Start time: 2026-03-03 21:44:40.861679
2026-03-03 21:44:40,861 - __main__ - INFO - Initializing database...
2026-03-03 21:44:40,867 - __main__ - INFO - ==================================================
2026-03-03 21:44:40,867 - __main__ - INFO - PHASE 1: Scraping all fighters (A-Z)
2026-03-03 21:44:40,867 - __main__ - INFO - ==================================================
2026-03-03 21:44:40,867 - scrapers.ufc_scraper - INFO - Fetching fighters starting with 'A'...
2026-03-03 21:44:44,361 - scrapers.ufc_scraper - INFO -   Found 32 fighters
2026-03-03 21:44:44,361 - scrapers.ufc_scraper - INFO - Fetching fighters starting with 'B'...
2026-03-03 21:44:47,363 - scrapers.ufc_scraper - INFO -   Found 25 fighters
2026-03-03 21:44:47,363 - scrapers.ufc_scraper - INFO - Fetching fighters starting with 'C'...
2026-03-03 21:44:50,642 - scrapers.ufc_scraper - INFO -   Found 63 fighters
2026-03-03 21:44:50,642 - scrapers.ufc_scraper - INFO - Fetching fighters starting with 'D'...
2026-03-03 21:44:53,277 - scrapers.ufc_scraper - INFO -   Found 86 fighters
2026-03-03 21:44:53,277 - scrapers.ufc_scraper - INFO - Fetching fighters starting with 'E'...
2026-03-03 21:44:55,722 - scrapers.ufc_scraper - INFO -   Found 37 fighters
2026-03-03 21:44:55,722 - scrapers.ufc_scraper - INFO - Fetching fighters starting with 'F'...
2026-03-03 21:44:58,026 - scrapers.ufc_scraper - INFO -   Found 26 fighters
2026-03-03 21:44:58,027 - scrapers.ufc_scraper - INFO - Fetching fighters starting with 'G'...
2026-03-03 21:45:01,999 - scrapers.ufc_scraper - INFO -   Found 39 fighters
2026-03-03 21:45:01,999 - scrapers.ufc_scraper - INFO - Fetching fighters starting with 'H'...
2026-03-03 21:45:04,896 - scrapers.ufc_scraper - INFO -   Found 45 fighters
2026-03-03 21:45:04,896 - scrapers.ufc_scraper - INFO - Fetching fighters starting with 'I'...
2026-03-03 21:45:07,261 - scrapers.ufc_scraper - INFO -   Found 37 fighters
2026-03-03 21:45:07,261 - scrapers.ufc_scraper - INFO - Fetching fighters starting with 'J'...
2026-03-03 21:45:09,698 - scrapers.ufc_scraper - INFO -   Found 279 fighters
2026-03-03 21:45:09,698 - scrapers.ufc_scraper - INFO - Fetching fighters starting with 'K'...
2026-03-03 21:45:12,315 - scrapers.ufc_scraper - INFO -   Found 106 fighters
2026-03-03 21:45:12,315 - scrapers.ufc_scraper - INFO - Fetching fighters starting with 'L'...
2026-03-03 21:45:14,953 - scrapers.ufc_scraper - INFO -   Found 88 fighters
2026-03-03 21:45:14,953 - scrapers.ufc_scraper - INFO - Fetching fighters starting with 'M'...
2026-03-03 21:45:18,228 - scrapers.ufc_scraper - INFO -   Found 272 fighters
2026-03-03 21:45:18,228 - scrapers.ufc_scraper - INFO - Fetching fighters starting with 'N'...
2026-03-03 21:45:20,638 - scrapers.ufc_scraper - INFO -   Found 69 fighters
2026-03-03 21:45:20,638 - scrapers.ufc_scraper - INFO - Fetching fighters starting with 'O'...
2026-03-03 21:45:23,087 - scrapers.ufc_scraper - INFO -   Found 16 fighters
2026-03-03 21:45:23,087 - scrapers.ufc_scraper - INFO - Fetching fighters starting with 'P'...
2026-03-03 21:45:25,987 - scrapers.ufc_scraper - INFO -   Found 76 fighters
2026-03-03 21:45:25,987 - scrapers.ufc_scraper - INFO - Fetching fighters starting with 'Q'...
2026-03-03 21:45:28,241 - scrapers.ufc_scraper - INFO -   Found 6 fighters
2026-03-03 21:45:28,241 - scrapers.ufc_scraper - INFO - Fetching fighters starting with 'R'...
2026-03-03 21:45:31,190 - scrapers.ufc_scraper - INFO -   Found 247 fighters
2026-03-03 21:45:31,190 - scrapers.ufc_scraper - INFO - Fetching fighters starting with 'S'...
2026-03-03 21:45:34,602 - scrapers.ufc_scraper - INFO -   Found 240 fighters
2026-03-03 21:45:34,602 - scrapers.ufc_scraper - INFO - Fetching fighters starting with 'T'...
2026-03-03 21:45:37,140 - scrapers.ufc_scraper - INFO -   Found 211 fighters
2026-03-03 21:45:37,140 - scrapers.ufc_scraper - INFO - Fetching fighters starting with 'U'...
2026-03-03 21:45:39,283 - scrapers.ufc_scraper - INFO -   Found 6 fighters
2026-03-03 21:45:39,283 - scrapers.ufc_scraper - INFO - Fetching fighters starting with 'V'...
2026-03-03 21:45:41,726 - scrapers.ufc_scraper - INFO -   Found 58 fighters
2026-03-03 21:45:41,727 - scrapers.ufc_scraper - INFO - Fetching fighters starting with 'W'...
2026-03-03 21:45:44,195 - scrapers.ufc_scraper - INFO -   Found 56 fighters
2026-03-03 21:45:44,195 - scrapers.ufc_scraper - INFO - Fetching fighters starting with 'X'...
2026-03-03 21:45:46,497 - scrapers.ufc_scraper - INFO -   Found 6 fighters
2026-03-03 21:45:46,497 - scrapers.ufc_scraper - INFO - Fetching fighters starting with 'Y'...
2026-03-03 21:45:48,851 - scrapers.ufc_scraper - INFO -   Found 72 fighters
2026-03-03 21:45:48,851 - scrapers.ufc_scraper - INFO - Fetching fighters starting with 'Z'...
2026-03-03 21:45:51,172 - scrapers.ufc_scraper - INFO -   Found 33 fighters
2026-03-03 21:45:51,172 - scrapers.ufc_scraper - INFO - ✅ Total fighters found: 4455
2026-03-03 21:45:51,172 - __main__ - INFO - Found 4455 fighters to process
2026-03-03 21:47:38,270 - __main__ - INFO - Progress: 50/4455 fighters processed (29 new, 21 updated)
2026-03-03 21:49:26,420 - __main__ - INFO - 📊 PROGRESS - Fighters: 204, Events: 8, Fights: 53, Stats: 100
2026-03-03 21:49:26,420 - __main__ - INFO - Progress: 100/4455 fighters processed (78 new, 22 updated)
2026-03-03 21:51:16,906 - __main__ - INFO - Progress: 150/4455 fighters processed (128 new, 22 updated)
2026-03-03 21:53:05,778 - __main__ - INFO - 📊 PROGRESS - Fighters: 304, Events: 14, Fights: 53, Stats: 100
2026-03-03 21:53:05,778 - __main__ - INFO - Progress: 200/4455 fighters processed (178 new, 22 updated)
2026-03-03 21:54:53,501 - __main__ - INFO - Progress: 250/4455 fighters processed (228 new, 22 updated)
2026-03-03 21:56:42,464 - __main__ - INFO - 📊 PROGRESS - Fighters: 401, Events: 14, Fights: 53, Stats: 100
2026-03-03 21:56:42,464 - __main__ - INFO - Progress: 300/4455 fighters processed (275 new, 25 updated)
2026-03-03 21:58:29,256 - __main__ - INFO - Progress: 350/4455 fighters processed (324 new, 26 updated)
2026-03-03 21:59:57,412 - scrapers.ufc_scraper - WARNING - Request failed (attempt 1): HTTPConnectionPool(host='www.ufcstats.com', port=80): Read timed out. (read timeout=30)
2026-03-03 22:00:57,029 - __main__ - INFO - 📊 PROGRESS - Fighters: 500, Events: 14, Fights: 53, Stats: 100
2026-03-03 22:00:57,029 - __main__ - INFO - Progress: 400/4455 fighters processed (374 new, 26 updated)
2026-03-03 22:02:44,552 - __main__ - INFO - Progress: 450/4455 fighters processed (421 new, 29 updated)
2026-03-03 22:04:45,495 - __main__ - INFO - 📊 PROGRESS - Fighters: 596, Events: 14, Fights: 53, Stats: 100
2026-03-03 22:04:45,495 - __main__ - INFO - Progress: 500/4455 fighters processed (470 new, 30 updated)
2026-03-03 22:06:33,036 - __main__ - INFO - Progress: 550/4455 fighters processed (519 new, 31 updated)
2026-03-03 22:08:21,348 - __main__ - INFO - 📊 PROGRESS - Fighters: 694, Events: 14, Fights: 53, Stats: 100
2026-03-03 22:08:21,348 - __main__ - INFO - Progress: 600/4455 fighters processed (568 new, 32 updated)
2026-03-03 22:10:10,623 - __main__ - INFO - Progress: 650/4455 fighters processed (618 new, 32 updated)
2026-03-03 22:11:57,157 - __main__ - INFO - 📊 PROGRESS - Fighters: 792, Events: 14, Fights: 53, Stats: 100
2026-03-03 22:11:57,158 - __main__ - INFO - Progress: 700/4455 fighters processed (666 new, 34 updated)
2026-03-03 22:13:44,324 - __main__ - INFO - Progress: 750/4455 fighters processed (716 new, 34 updated)
